{"C:\\Users\\91771\\Desktop\\Developer\\Algoise_bakcend\\Algoise-Problem-Service\\src\\Repositories\\index.js": {"path":"C:\\Users\\91771\\Desktop\\Developer\\Algoise_bakcend\\Algoise-Problem-Service\\src\\Repositories\\index.js","statementMap":{"0":{"start":{"line":1,"column":0},"end":{"line":3,"column":1}}},"fnMap":{},"branchMap":{},"s":{"0":1},"f":{},"b":{},"_coverageSchema":"1a1c01bbd47fc00a2c39e90264f33305004495a9","hash":"42a2593c06387dd59f8c7f745632af1f4e4be088"}
,"C:\\Users\\91771\\Desktop\\Developer\\Algoise_bakcend\\Algoise-Problem-Service\\src\\Repositories\\problem.repositories.js": {"path":"C:\\Users\\91771\\Desktop\\Developer\\Algoise_bakcend\\Algoise-Problem-Service\\src\\Repositories\\problem.repositories.js","statementMap":{"0":{"start":{"line":1,"column":17},"end":{"line":1,"column":52}},"1":{"start":{"line":2,"column":20},"end":{"line":2,"column":40}},"2":{"start":{"line":7,"column":8},"end":{"line":19,"column":9}},"3":{"start":{"line":9,"column":28},"end":{"line":13,"column":14}},"4":{"start":{"line":15,"column":12},"end":{"line":15,"column":27}},"5":{"start":{"line":17,"column":12},"end":{"line":17,"column":31}},"6":{"start":{"line":18,"column":12},"end":{"line":18,"column":24}},"7":{"start":{"line":23,"column":8},"end":{"line":29,"column":9}},"8":{"start":{"line":24,"column":29},"end":{"line":24,"column":51}},"9":{"start":{"line":25,"column":12},"end":{"line":25,"column":28}},"10":{"start":{"line":27,"column":12},"end":{"line":27,"column":31}},"11":{"start":{"line":28,"column":12},"end":{"line":28,"column":24}},"12":{"start":{"line":33,"column":8},"end":{"line":42,"column":9}},"13":{"start":{"line":34,"column":28},"end":{"line":34,"column":54}},"14":{"start":{"line":35,"column":12},"end":{"line":37,"column":13}},"15":{"start":{"line":36,"column":16},"end":{"line":36,"column":50}},"16":{"start":{"line":38,"column":12},"end":{"line":38,"column":27}},"17":{"start":{"line":40,"column":12},"end":{"line":40,"column":31}},"18":{"start":{"line":41,"column":12},"end":{"line":41,"column":24}},"19":{"start":{"line":46,"column":8},"end":{"line":57,"column":9}},"20":{"start":{"line":47,"column":35},"end":{"line":47,"column":70}},"21":{"start":{"line":48,"column":12},"end":{"line":52,"column":13}},"22":{"start":{"line":50,"column":16},"end":{"line":50,"column":50}},"23":{"start":{"line":53,"column":12},"end":{"line":53,"column":34}},"24":{"start":{"line":55,"column":12},"end":{"line":55,"column":31}},"25":{"start":{"line":56,"column":12},"end":{"line":56,"column":24}},"26":{"start":{"line":60,"column":8},"end":{"line":81,"column":9}},"27":{"start":{"line":61,"column":35},"end":{"line":71,"column":13}},"28":{"start":{"line":73,"column":12},"end":{"line":76,"column":13}},"29":{"start":{"line":74,"column":16},"end":{"line":74,"column":94}},"30":{"start":{"line":75,"column":16},"end":{"line":75,"column":50}},"31":{"start":{"line":77,"column":12},"end":{"line":77,"column":34}},"32":{"start":{"line":79,"column":12},"end":{"line":79,"column":31}},"33":{"start":{"line":80,"column":12},"end":{"line":80,"column":24}},"34":{"start":{"line":88,"column":0},"end":{"line":88,"column":35}}},"fnMap":{"0":{"name":"(anonymous_0)","decl":{"start":{"line":6,"column":4},"end":{"line":6,"column":5}},"loc":{"start":{"line":6,"column":37},"end":{"line":20,"column":5}},"line":6},"1":{"name":"(anonymous_1)","decl":{"start":{"line":22,"column":4},"end":{"line":22,"column":5}},"loc":{"start":{"line":22,"column":27},"end":{"line":30,"column":5}},"line":22},"2":{"name":"(anonymous_2)","decl":{"start":{"line":32,"column":4},"end":{"line":32,"column":5}},"loc":{"start":{"line":32,"column":25},"end":{"line":43,"column":5}},"line":32},"3":{"name":"(anonymous_3)","decl":{"start":{"line":45,"column":4},"end":{"line":45,"column":5}},"loc":{"start":{"line":45,"column":28},"end":{"line":58,"column":5}},"line":45},"4":{"name":"(anonymous_4)","decl":{"start":{"line":59,"column":4},"end":{"line":59,"column":5}},"loc":{"start":{"line":59,"column":41},"end":{"line":82,"column":5}},"line":59}},"branchMap":{"0":{"loc":{"start":{"line":12,"column":27},"end":{"line":12,"column":79}},"type":"cond-expr","locations":[{"start":{"line":12,"column":53},"end":{"line":12,"column":74}},{"start":{"line":12,"column":77},"end":{"line":12,"column":79}}],"line":12},"1":{"loc":{"start":{"line":35,"column":12},"end":{"line":37,"column":13}},"type":"if","locations":[{"start":{"line":35,"column":12},"end":{"line":37,"column":13}},{"start":{},"end":{}}],"line":35},"2":{"loc":{"start":{"line":48,"column":12},"end":{"line":52,"column":13}},"type":"if","locations":[{"start":{"line":48,"column":12},"end":{"line":52,"column":13}},{"start":{},"end":{}}],"line":48},"3":{"loc":{"start":{"line":67,"column":31},"end":{"line":67,"column":83}},"type":"cond-expr","locations":[{"start":{"line":67,"column":57},"end":{"line":67,"column":78}},{"start":{"line":67,"column":81},"end":{"line":67,"column":83}}],"line":67},"4":{"loc":{"start":{"line":73,"column":12},"end":{"line":76,"column":13}},"type":"if","locations":[{"start":{"line":73,"column":12},"end":{"line":76,"column":13}},{"start":{},"end":{}}],"line":73}},"s":{"0":1,"1":1,"2":0,"3":0,"4":0,"5":0,"6":0,"7":0,"8":0,"9":0,"10":0,"11":0,"12":0,"13":0,"14":0,"15":0,"16":0,"17":0,"18":0,"19":0,"20":0,"21":0,"22":0,"23":0,"24":0,"25":0,"26":0,"27":0,"28":0,"29":0,"30":0,"31":0,"32":0,"33":0,"34":1},"f":{"0":0,"1":0,"2":0,"3":0,"4":0},"b":{"0":[0,0],"1":[0,0],"2":[0,0],"3":[0,0],"4":[0,0]},"_coverageSchema":"1a1c01bbd47fc00a2c39e90264f33305004495a9","hash":"e758f988b0579dd0ec925a8f916db35b16ba7a7b"}
,"C:\\Users\\91771\\Desktop\\Developer\\Algoise_bakcend\\Algoise-Problem-Service\\src\\Utils\\markdownSanitizer.js": {"path":"C:\\Users\\91771\\Desktop\\Developer\\Algoise_bakcend\\Algoise-Problem-Service\\src\\Utils\\markdownSanitizer.js","statementMap":{"0":{"start":{"line":1,"column":15},"end":{"line":1,"column":32}},"1":{"start":{"line":2,"column":28},"end":{"line":2,"column":52}},"2":{"start":{"line":3,"column":24},"end":{"line":3,"column":43}},"3":{"start":{"line":7,"column":28},"end":{"line":7,"column":49}},"4":{"start":{"line":10,"column":26},"end":{"line":10,"column":55}},"5":{"start":{"line":13,"column":26},"end":{"line":15,"column":6}},"6":{"start":{"line":18,"column":30},"end":{"line":18,"column":69}},"7":{"start":{"line":20,"column":4},"end":{"line":20,"column":29}},"8":{"start":{"line":23,"column":0},"end":{"line":23,"column":41}}},"fnMap":{"0":{"name":"sanitizeMarkdownContent","decl":{"start":{"line":6,"column":9},"end":{"line":6,"column":32}},"loc":{"start":{"line":6,"column":50},"end":{"line":21,"column":1}},"line":6}},"branchMap":{},"s":{"0":1,"1":1,"2":1,"3":0,"4":0,"5":0,"6":0,"7":0,"8":1},"f":{"0":0},"b":{},"_coverageSchema":"1a1c01bbd47fc00a2c39e90264f33305004495a9","hash":"71e9af18b1e537f2802633e0f00d504fecfadd10"}
,"C:\\Users\\91771\\Desktop\\Developer\\Algoise_bakcend\\Algoise-Problem-Service\\src\\controllers\\problems.controllers.js": {"path":"C:\\Users\\91771\\Desktop\\Developer\\Algoise_bakcend\\Algoise-Problem-Service\\src\\controllers\\problems.controllers.js","statementMap":{"0":{"start":{"line":2,"column":27},"end":{"line":2,"column":49}},"1":{"start":{"line":3,"column":30},"end":{"line":3,"column":56}},"2":{"start":{"line":4,"column":24},"end":{"line":4,"column":52}},"3":{"start":{"line":6,"column":23},"end":{"line":6,"column":66}},"4":{"start":{"line":9,"column":4},"end":{"line":9,"column":59}},"5":{"start":{"line":12,"column":4},"end":{"line":23,"column":5}},"6":{"start":{"line":13,"column":8},"end":{"line":13,"column":51}},"7":{"start":{"line":14,"column":27},"end":{"line":14,"column":71}},"8":{"start":{"line":15,"column":8},"end":{"line":20,"column":10}},"9":{"start":{"line":22,"column":8},"end":{"line":22,"column":20}},"10":{"start":{"line":27,"column":4},"end":{"line":38,"column":5}},"11":{"start":{"line":28,"column":24},"end":{"line":28,"column":70}},"12":{"start":{"line":29,"column":8},"end":{"line":29,"column":35}},"13":{"start":{"line":30,"column":8},"end":{"line":35,"column":10}},"14":{"start":{"line":37,"column":8},"end":{"line":37,"column":20}},"15":{"start":{"line":42,"column":4},"end":{"line":52,"column":5}},"16":{"start":{"line":43,"column":25},"end":{"line":43,"column":62}},"17":{"start":{"line":44,"column":8},"end":{"line":49,"column":11}},"18":{"start":{"line":51,"column":8},"end":{"line":51,"column":20}},"19":{"start":{"line":56,"column":4},"end":{"line":66,"column":5}},"20":{"start":{"line":57,"column":31},"end":{"line":57,"column":80}},"21":{"start":{"line":58,"column":8},"end":{"line":63,"column":11}},"22":{"start":{"line":65,"column":8},"end":{"line":65,"column":20}},"23":{"start":{"line":72,"column":8},"end":{"line":88,"column":5}},"24":{"start":{"line":73,"column":12},"end":{"line":73,"column":39}},"25":{"start":{"line":74,"column":12},"end":{"line":74,"column":34}},"26":{"start":{"line":75,"column":32},"end":{"line":75,"column":90}},"27":{"start":{"line":76,"column":12},"end":{"line":81,"column":15}},"28":{"start":{"line":87,"column":8},"end":{"line":87,"column":20}},"29":{"start":{"line":91,"column":0},"end":{"line":98,"column":1}}},"fnMap":{"0":{"name":"pingProblemController","decl":{"start":{"line":8,"column":9},"end":{"line":8,"column":30}},"loc":{"start":{"line":8,"column":41},"end":{"line":10,"column":1}},"line":8},"1":{"name":"addProblem","decl":{"start":{"line":11,"column":15},"end":{"line":11,"column":25}},"loc":{"start":{"line":11,"column":42},"end":{"line":24,"column":1}},"line":11},"2":{"name":"getProblem","decl":{"start":{"line":26,"column":15},"end":{"line":26,"column":25}},"loc":{"start":{"line":26,"column":42},"end":{"line":39,"column":1}},"line":26},"3":{"name":"getProblems","decl":{"start":{"line":41,"column":15},"end":{"line":41,"column":26}},"loc":{"start":{"line":41,"column":43},"end":{"line":53,"column":1}},"line":41},"4":{"name":"deleteProblem","decl":{"start":{"line":55,"column":15},"end":{"line":55,"column":28}},"loc":{"start":{"line":55,"column":45},"end":{"line":67,"column":1}},"line":55},"5":{"name":"updateProblem","decl":{"start":{"line":69,"column":15},"end":{"line":69,"column":28}},"loc":{"start":{"line":69,"column":45},"end":{"line":89,"column":1}},"line":69}},"branchMap":{},"s":{"0":1,"1":1,"2":1,"3":1,"4":0,"5":0,"6":0,"7":0,"8":0,"9":0,"10":1,"11":1,"12":0,"13":0,"14":1,"15":1,"16":1,"17":1,"18":0,"19":0,"20":0,"21":0,"22":0,"23":0,"24":0,"25":0,"26":0,"27":0,"28":0,"29":1},"f":{"0":0,"1":0,"2":1,"3":1,"4":0,"5":0},"b":{},"_coverageSchema":"1a1c01bbd47fc00a2c39e90264f33305004495a9","hash":"0b90b74a7d915229a2486e29585ae1a825c5d004"}
,"C:\\Users\\91771\\Desktop\\Developer\\Algoise_bakcend\\Algoise-Problem-Service\\src\\errors\\base.error.js": {"path":"C:\\Users\\91771\\Desktop\\Developer\\Algoise_bakcend\\Algoise-Problem-Service\\src\\errors\\base.error.js","statementMap":{"0":{"start":{"line":3,"column":8},"end":{"line":3,"column":27}},"1":{"start":{"line":4,"column":8},"end":{"line":4,"column":25}},"2":{"start":{"line":5,"column":8},"end":{"line":5,"column":37}},"3":{"start":{"line":6,"column":8},"end":{"line":6,"column":31}},"4":{"start":{"line":10,"column":0},"end":{"line":10,"column":27}}},"fnMap":{"0":{"name":"(anonymous_0)","decl":{"start":{"line":2,"column":4},"end":{"line":2,"column":5}},"loc":{"start":{"line":2,"column":56},"end":{"line":7,"column":5}},"line":2}},"branchMap":{},"s":{"0":0,"1":0,"2":0,"3":0,"4":1},"f":{"0":0},"b":{},"_coverageSchema":"1a1c01bbd47fc00a2c39e90264f33305004495a9","hash":"2e7ed7d449d71399a25f02d360ea90f2f810a8a8"}
,"C:\\Users\\91771\\Desktop\\Developer\\Algoise_bakcend\\Algoise-Problem-Service\\src\\errors\\notfound.error.js": {"path":"C:\\Users\\91771\\Desktop\\Developer\\Algoise_bakcend\\Algoise-Problem-Service\\src\\errors\\notfound.error.js","statementMap":{"0":{"start":{"line":1,"column":18},"end":{"line":1,"column":41}},"1":{"start":{"line":2,"column":24},"end":{"line":2,"column":52}},"2":{"start":{"line":6,"column":8},"end":{"line":9,"column":11}},"3":{"start":{"line":13,"column":0},"end":{"line":13,"column":26}}},"fnMap":{"0":{"name":"(anonymous_0)","decl":{"start":{"line":5,"column":4},"end":{"line":5,"column":5}},"loc":{"start":{"line":5,"column":45},"end":{"line":10,"column":5}},"line":5}},"branchMap":{},"s":{"0":1,"1":1,"2":0,"3":1},"f":{"0":0},"b":{},"_coverageSchema":"1a1c01bbd47fc00a2c39e90264f33305004495a9","hash":"b9190a34d4639a6def0a47b432ccfbe22414f5ec"}
,"C:\\Users\\91771\\Desktop\\Developer\\Algoise_bakcend\\Algoise-Problem-Service\\src\\models\\index.js": {"path":"C:\\Users\\91771\\Desktop\\Developer\\Algoise_bakcend\\Algoise-Problem-Service\\src\\models\\index.js","statementMap":{"0":{"start":{"line":3,"column":0},"end":{"line":6,"column":1}}},"fnMap":{},"branchMap":{},"s":{"0":1},"f":{},"b":{},"_coverageSchema":"1a1c01bbd47fc00a2c39e90264f33305004495a9","hash":"72c0ef5c3f05407edb9d8283f060f56aeacd682c"}
,"C:\\Users\\91771\\Desktop\\Developer\\Algoise_bakcend\\Algoise-Problem-Service\\src\\models\\problem.model.js": {"path":"C:\\Users\\91771\\Desktop\\Developer\\Algoise_bakcend\\Algoise-Problem-Service\\src\\models\\problem.model.js","statementMap":{"0":{"start":{"line":1,"column":15},"end":{"line":1,"column":34}},"1":{"start":{"line":2,"column":20},"end":{"line":32,"column":2}},"2":{"start":{"line":33,"column":15},"end":{"line":33,"column":55}},"3":{"start":{"line":34,"column":0},"end":{"line":34,"column":23}}},"fnMap":{},"branchMap":{},"s":{"0":1,"1":1,"2":1,"3":1},"f":{},"b":{},"_coverageSchema":"1a1c01bbd47fc00a2c39e90264f33305004495a9","hash":"4421f1b2f5f274b99d6597a639d672de31371346"}
,"C:\\Users\\91771\\Desktop\\Developer\\Algoise_bakcend\\Algoise-Problem-Service\\src\\services\\index.js": {"path":"C:\\Users\\91771\\Desktop\\Developer\\Algoise_bakcend\\Algoise-Problem-Service\\src\\services\\index.js","statementMap":{"0":{"start":{"line":1,"column":0},"end":{"line":3,"column":1}}},"fnMap":{},"branchMap":{},"s":{"0":1},"f":{},"b":{},"_coverageSchema":"1a1c01bbd47fc00a2c39e90264f33305004495a9","hash":"015443ea0da1baa1dada6e6f6b1c921c12b01483"}
,"C:\\Users\\91771\\Desktop\\Developer\\Algoise_bakcend\\Algoise-Problem-Service\\src\\services\\problem.service.js": {"path":"C:\\Users\\91771\\Desktop\\Developer\\Algoise_bakcend\\Algoise-Problem-Service\\src\\services\\problem.service.js","statementMap":{"0":{"start":{"line":1,"column":32},"end":{"line":1,"column":69}},"1":{"start":{"line":6,"column":8},"end":{"line":6,"column":51}},"2":{"start":{"line":11,"column":8},"end":{"line":11,"column":83}},"3":{"start":{"line":13,"column":24},"end":{"line":13,"column":79}},"4":{"start":{"line":15,"column":8},"end":{"line":15,"column":23}},"5":{"start":{"line":19,"column":25},"end":{"line":19,"column":70}},"6":{"start":{"line":20,"column":8},"end":{"line":20,"column":24}},"7":{"start":{"line":24,"column":24},"end":{"line":24,"column":74}},"8":{"start":{"line":25,"column":8},"end":{"line":25,"column":23}},"9":{"start":{"line":29,"column":24},"end":{"line":29,"column":77}},"10":{"start":{"line":30,"column":8},"end":{"line":30,"column":23}},"11":{"start":{"line":33,"column":22},"end":{"line":33,"column":87}},"12":{"start":{"line":34,"column":8},"end":{"line":34,"column":23}},"13":{"start":{"line":39,"column":0},"end":{"line":39,"column":32}}},"fnMap":{"0":{"name":"(anonymous_0)","decl":{"start":{"line":5,"column":4},"end":{"line":5,"column":5}},"loc":{"start":{"line":5,"column":35},"end":{"line":7,"column":5}},"line":5},"1":{"name":"(anonymous_1)","decl":{"start":{"line":9,"column":4},"end":{"line":9,"column":5}},"loc":{"start":{"line":9,"column":37},"end":{"line":16,"column":5}},"line":9},"2":{"name":"(anonymous_2)","decl":{"start":{"line":18,"column":4},"end":{"line":18,"column":5}},"loc":{"start":{"line":18,"column":27},"end":{"line":21,"column":5}},"line":18},"3":{"name":"(anonymous_3)","decl":{"start":{"line":23,"column":4},"end":{"line":23,"column":5}},"loc":{"start":{"line":23,"column":32},"end":{"line":26,"column":5}},"line":23},"4":{"name":"(anonymous_4)","decl":{"start":{"line":28,"column":4},"end":{"line":28,"column":5}},"loc":{"start":{"line":28,"column":35},"end":{"line":31,"column":5}},"line":28},"5":{"name":"(anonymous_5)","decl":{"start":{"line":32,"column":4},"end":{"line":32,"column":5}},"loc":{"start":{"line":32,"column":46},"end":{"line":35,"column":5}},"line":32}},"branchMap":{},"s":{"0":1,"1":0,"2":0,"3":0,"4":0,"5":0,"6":0,"7":0,"8":0,"9":0,"10":0,"11":0,"12":0,"13":1},"f":{"0":0,"1":0,"2":0,"3":0,"4":0,"5":0},"b":{},"_coverageSchema":"1a1c01bbd47fc00a2c39e90264f33305004495a9","hash":"5da147dbfd6237859eb50c9088722d2fe3244a3a"}
}
