TN:
SF:src\Repositories\index.js
FNF:0
FNH:0
DA:1,1
LF:1
LH:1
BRF:0
BRH:0
end_of_record
TN:
SF:src\Repositories\problem.repositories.js
FN:6,(anonymous_0)
FN:22,(anonymous_1)
FN:32,(anonymous_2)
FN:45,(anonymous_3)
FN:59,(anonymous_4)
FNF:5
FNH:0
FNDA:0,(anonymous_0)
FNDA:0,(anonymous_1)
FNDA:0,(anonymous_2)
FNDA:0,(anonymous_3)
FNDA:0,(anonymous_4)
DA:1,1
DA:2,1
DA:7,0
DA:9,0
DA:15,0
DA:17,0
DA:18,0
DA:23,0
DA:24,0
DA:25,0
DA:27,0
DA:28,0
DA:33,0
DA:34,0
DA:35,0
DA:36,0
DA:38,0
DA:40,0
DA:41,0
DA:46,0
DA:47,0
DA:48,0
DA:50,0
DA:53,0
DA:55,0
DA:56,0
DA:60,0
DA:61,0
DA:73,0
DA:74,0
DA:75,0
DA:77,0
DA:79,0
DA:80,0
DA:88,1
LF:35
LH:3
BRDA:12,0,0,0
BRDA:12,0,1,0
BRDA:35,1,0,0
BRDA:35,1,1,0
BRDA:48,2,0,0
BRDA:48,2,1,0
BRDA:67,3,0,0
BRDA:67,3,1,0
BRDA:73,4,0,0
BRDA:73,4,1,0
BRF:10
BRH:0
end_of_record
TN:
SF:src\Utils\markdownSanitizer.js
FN:6,sanitizeMarkdownContent
FNF:1
FNH:0
FNDA:0,sanitizeMarkdownContent
DA:1,1
DA:2,1
DA:3,1
DA:7,0
DA:10,0
DA:13,0
DA:18,0
DA:20,0
DA:23,1
LF:9
LH:4
BRF:0
BRH:0
end_of_record
TN:
SF:src\controllers\problems.controllers.js
FN:8,pingProblemController
FN:11,addProblem
FN:26,getProblem
FN:41,getProblems
FN:55,deleteProblem
FN:69,updateProblem
FNF:6
FNH:2
FNDA:0,pingProblemController
FNDA:0,addProblem
FNDA:1,getProblem
FNDA:1,getProblems
FNDA:0,deleteProblem
FNDA:0,updateProblem
DA:2,1
DA:3,1
DA:4,1
DA:6,1
DA:9,0
DA:12,0
DA:13,0
DA:14,0
DA:15,0
DA:22,0
DA:27,1
DA:28,1
DA:29,0
DA:30,0
DA:37,1
DA:42,1
DA:43,1
DA:44,1
DA:51,0
DA:56,0
DA:57,0
DA:58,0
DA:65,0
DA:72,0
DA:73,0
DA:74,0
DA:75,0
DA:76,0
DA:87,0
DA:91,1
LF:30
LH:11
BRF:0
BRH:0
end_of_record
TN:
SF:src\errors\base.error.js
FN:2,(anonymous_0)
FNF:1
FNH:0
FNDA:0,(anonymous_0)
DA:3,0
DA:4,0
DA:5,0
DA:6,0
DA:10,1
LF:5
LH:1
BRF:0
BRH:0
end_of_record
TN:
SF:src\errors\notfound.error.js
FN:5,(anonymous_0)
FNF:1
FNH:0
FNDA:0,(anonymous_0)
DA:1,1
DA:2,1
DA:6,0
DA:13,1
LF:4
LH:3
BRF:0
BRH:0
end_of_record
TN:
SF:src\models\index.js
FNF:0
FNH:0
DA:3,1
LF:1
LH:1
BRF:0
BRH:0
end_of_record
TN:
SF:src\models\problem.model.js
FNF:0
FNH:0
DA:1,1
DA:2,1
DA:33,1
DA:34,1
LF:4
LH:4
BRF:0
BRH:0
end_of_record
TN:
SF:src\services\index.js
FNF:0
FNH:0
DA:1,1
LF:1
LH:1
BRF:0
BRH:0
end_of_record
TN:
SF:src\services\problem.service.js
FN:5,(anonymous_0)
FN:9,(anonymous_1)
FN:18,(anonymous_2)
FN:23,(anonymous_3)
FN:28,(anonymous_4)
FN:32,(anonymous_5)
FNF:6
FNH:0
FNDA:0,(anonymous_0)
FNDA:0,(anonymous_1)
FNDA:0,(anonymous_2)
FNDA:0,(anonymous_3)
FNDA:0,(anonymous_4)
FNDA:0,(anonymous_5)
DA:1,1
DA:6,0
DA:11,0
DA:13,0
DA:15,0
DA:19,0
DA:20,0
DA:24,0
DA:25,0
DA:29,0
DA:30,0
DA:33,0
DA:34,0
DA:39,1
LF:14
LH:2
BRF:0
BRH:0
end_of_record
